[debug] [2022-08-12T16:13:20.210Z] ----------------------------------------------------------------------
[debug] [2022-08-12T16:13:20.212Z] Command:       G:\node.exe C:\Users\marle\AppData\Roaming\npm\node_modules\firebase-tools\lib\bin\firebase.js deploy
[debug] [2022-08-12T16:13:20.212Z] CLI Version:   11.6.0
[debug] [2022-08-12T16:13:20.212Z] Platform:      win32
[debug] [2022-08-12T16:13:20.212Z] Node Version:  v16.16.0
[debug] [2022-08-12T16:13:20.213Z] Time:          Fri Aug 12 2022 17:13:20 GMT+0100 (British Summer Time)
[debug] [2022-08-12T16:13:20.214Z] ----------------------------------------------------------------------
[debug] 
[debug] [2022-08-12T16:13:20.266Z] > command requires scopes: ["email","openid","https://www.googleapis.com/auth/cloudplatformprojects.readonly","https://www.googleapis.com/auth/firebase","https://www.googleapis.com/auth/cloud-platform"]
[debug] [2022-08-12T16:13:20.266Z] > authorizing via signed-in user (joemarley1@gmail.com)
[debug] [2022-08-12T16:13:20.267Z] [iam] checking project chefle for permissions ["firebase.projects.get","firebasehosting.sites.update"]
[debug] [2022-08-12T16:13:20.269Z] >>> [apiv2][query] POST https://cloudresourcemanager.googleapis.com/v1/projects/chefle:testIamPermissions [none]
[debug] [2022-08-12T16:13:20.269Z] >>> [apiv2][(partial)header] POST https://cloudresourcemanager.googleapis.com/v1/projects/chefle:testIamPermissions x-goog-quota-user=projects/chefle
[debug] [2022-08-12T16:13:20.269Z] >>> [apiv2][body] POST https://cloudresourcemanager.googleapis.com/v1/projects/chefle:testIamPermissions {"permissions":["firebase.projects.get","firebasehosting.sites.update"]}
[debug] [2022-08-12T16:13:20.916Z] <<< [apiv2][status] POST https://cloudresourcemanager.googleapis.com/v1/projects/chefle:testIamPermissions 200
[debug] [2022-08-12T16:13:20.916Z] <<< [apiv2][body] POST https://cloudresourcemanager.googleapis.com/v1/projects/chefle:testIamPermissions {"permissions":["firebase.projects.get","firebasehosting.sites.update"]}
[debug] [2022-08-12T16:13:20.917Z] >>> [apiv2][query] GET https://firebase.googleapis.com/v1beta1/projects/chefle [none]
[debug] [2022-08-12T16:13:21.271Z] <<< [apiv2][status] GET https://firebase.googleapis.com/v1beta1/projects/chefle 200
[debug] [2022-08-12T16:13:21.271Z] <<< [apiv2][body] GET https://firebase.googleapis.com/v1beta1/projects/chefle {"projectId":"chefle","projectNumber":"715887588503","displayName":"Chefle","name":"projects/chefle","resources":{"hostingSite":"chefle"},"state":"ACTIVE","etag":"1_6722a4b6-27e0-45d3-b40b-b0a7020d309c"}
[info] 
[info] === Deploying to 'chefle'...
[info] 
[info] i  deploying hosting 
[debug] [2022-08-12T16:13:21.273Z] >>> [apiv2][query] GET https://firebase.googleapis.com/v1beta1/projects/chefle [none]
[debug] [2022-08-12T16:13:21.687Z] <<< [apiv2][status] GET https://firebase.googleapis.com/v1beta1/projects/chefle 200
[debug] [2022-08-12T16:13:21.687Z] <<< [apiv2][body] GET https://firebase.googleapis.com/v1beta1/projects/chefle {"projectId":"chefle","projectNumber":"715887588503","displayName":"Chefle","name":"projects/chefle","resources":{"hostingSite":"chefle"},"state":"ACTIVE","etag":"1_6722a4b6-27e0-45d3-b40b-b0a7020d309c"}
[debug] [2022-08-12T16:13:21.689Z] >>> [apiv2][query] POST https://firebasehosting.googleapis.com/v1beta1/projects/715887588503/sites/chefle/versions [none]
[debug] [2022-08-12T16:13:21.689Z] >>> [apiv2][body] POST https://firebasehosting.googleapis.com/v1beta1/projects/715887588503/sites/chefle/versions {"config":{"rewrites":[{"glob":"**","path":"/index.html"}]},"labels":{"deployment-tool":"cli-firebase"}}
[debug] [2022-08-12T16:13:23.415Z] <<< [apiv2][status] POST https://firebasehosting.googleapis.com/v1beta1/projects/715887588503/sites/chefle/versions 200
[debug] [2022-08-12T16:13:23.415Z] <<< [apiv2][body] POST https://firebasehosting.googleapis.com/v1beta1/projects/715887588503/sites/chefle/versions {"name":"projects/715887588503/sites/chefle/versions/41d9f0ea553c2c8d","status":"CREATED","config":{"rewrites":[{"glob":"**","path":"/index.html"}]},"labels":{"deployment-tool":"cli-firebase"}}
[info] i  hosting[chefle]: beginning deploy... 
[info] i  hosting[chefle]: found 10 files in build 
[debug] [2022-08-12T16:13:23.425Z] [hosting] uploading with 200 concurrency
[debug] [2022-08-12T16:13:23.425Z] [hosting] hash cache [YnVpbGQ] not populated
